# JRE version: Java(TM) SE Runtime Environment (8.0_20-b26) (build 1.8.0_20-b26)
# Java VM: Java HotSpot(TM) 64-Bit Server VM (25.20-b23 mixed mode windows-amd64 compressed oops)
Heap:
 PSYoungGen      total 60416K, used 2497K [0x000000076b400000, 0x000000076f880000, 0x00000007c0000000)
  eden space 57344K, 4% used [0x000000076b400000,0x000000076b658530,0x000000076ec00000)
  from space 3072K, 3% used [0x000000076f280000,0x000000076f298000,0x000000076f580000)
  to   space 3072K, 0% used [0x000000076f580000,0x000000076f580000,0x000000076f880000)
 ParOldGen       total 175104K, used 1893K [0x00000006c1c00000, 0x00000006cc700000, 0x000000076b400000)
  object space 175104K, 1% used [0x00000006c1c00000,0x00000006c1dd9718,0x00000006cc700000)
 Metaspace       used 10522K, capacity 10686K, committed 10880K, reserved 1058816K
  class space    used 1296K, capacity 1349K, committed 1408K, reserved 1048576K
GC Heap History (10 events):
Event: 17.595 GC heap before
{Heap before GC invocations=7 (full 0):
 PSYoungGen      total 64512K, used 64400K [0x000000076b400000, 0x000000076fe80000, 0x00000007c0000000)
  eden space 62464K, 100% used [0x000000076b400000,0x000000076f100000,0x000000076f100000)
  from space 2048K, 94% used [0x000000076fc80000,0x000000076fe64010,0x000000076fe80000)
  to   space 2560K, 0% used [0x000000076f980000,0x000000076f980000,0x000000076fc00000)
 ParOldGen       total 175104K, used 40K [0x00000006c1c00000, 0x00000006cc700000, 0x000000076b400000)
  object space 175104K, 0% used [0x00000006c1c00000,0x00000006c1c0a000,0x00000006cc700000)
 Metaspace       used 10476K, capacity 10686K, committed 10880K, reserved 1058816K
  class space    used 1292K, capacity 1349K, committed 1408K, reserved 1048576K
Event: 17.597 GC heap after
Heap after GC invocations=7 (full 0):
 PSYoungGen      total 61952K, used 128K [0x000000076b400000, 0x000000076fd00000, 0x00000007c0000000)
  eden space 61440K, 0% used [0x000000076b400000,0x000000076b400000,0x000000076f000000)
  from space 512K, 25% used [0x000000076f980000,0x000000076f9a0000,0x000000076fa00000)
  to   space 2560K, 0% used [0x000000076fa80000,0x000000076fa80000,0x000000076fd00000)
 ParOldGen       total 175104K, used 1853K [0x00000006c1c00000, 0x00000006cc700000, 0x000000076b400000)
  object space 175104K, 1% used [0x00000006c1c00000,0x00000006c1dcf718,0x00000006cc700000)
 Metaspace       used 10476K, capacity 10686K, committed 10880K, reserved 1058816K
  class space    used 1292K, capacity 1349K, committed 1408K, reserved 1048576K
}
Event: 18.452 GC heap before
{Heap before GC invocations=8 (full 0):
 PSYoungGen      total 61952K, used 61568K [0x000000076b400000, 0x000000076fd00000, 0x00000007c0000000)
  eden space 61440K, 100% used [0x000000076b400000,0x000000076f000000,0x000000076f000000)
  from space 512K, 25% used [0x000000076f980000,0x000000076f9a0000,0x000000076fa00000)
  to   space 2560K, 0% used [0x000000076fa80000,0x000000076fa80000,0x000000076fd00000)
 ParOldGen       total 175104K, used 1853K [0x00000006c1c00000, 0x00000006cc700000, 0x000000076b400000)
  object space 175104K, 1% used [0x00000006c1c00000,0x00000006c1dcf718,0x00000006cc700000)
 Metaspace       used 10476K, capacity 10686K, committed 10880K, reserved 1058816K
  class space    used 1292K, capacity 1349K, committed 1408K, reserved 1048576K
Event: 18.452 GC heap after
Heap after GC invocations=8 (full 0):
 PSYoungGen      total 60928K, used 32K [0x000000076b400000, 0x000000076fb00000, 0x00000007c0000000)
  eden space 60416K, 0% used [0x000000076b400000,0x000000076b400000,0x000000076ef00000)
  from space 512K, 6% used [0x000000076fa80000,0x000000076fa88000,0x000000076fb00000)
  to   space 3072K, 0% used [0x000000076f500000,0x000000076f500000,0x000000076f800000)
 ParOldGen       total 175104K, used 1893K [0x00000006c1c00000, 0x00000006cc700000, 0x000000076b400000)
  object space 175104K, 1% used [0x00000006c1c00000,0x00000006c1dd9718,0x00000006cc700000)
 Metaspace       used 10476K, capacity 10686K, committed 10880K, reserved 1058816K
  class space    used 1292K, capacity 1349K, committed 1408K, reserved 1048576K
}
Event: 19.285 GC heap before
{Heap before GC invocations=9 (full 0):
 PSYoungGen      total 60928K, used 60448K [0x000000076b400000, 0x000000076fb00000, 0x00000007c0000000)
  eden space 60416K, 100% used [0x000000076b400000,0x000000076ef00000,0x000000076ef00000)
  from space 512K, 6% used [0x000000076fa80000,0x000000076fa88000,0x000000076fb00000)
  to   space 3072K, 0% used [0x000000076f500000,0x000000076f500000,0x000000076f800000)
 ParOldGen       total 175104K, used 1893K [0x00000006c1c00000, 0x00000006cc700000, 0x000000076b400000)
  object space 175104K, 1% used [0x00000006c1c00000,0x00000006c1dd9718,0x00000006cc700000)
 Metaspace       used 10476K, capacity 10686K, committed 10880K, reserved 1058816K
  class space    used 1292K, capacity 1349K, committed 1408K, reserved 1048576K
Event: 19.286 GC heap after
Heap after GC invocations=9 (full 0):
 PSYoungGen      total 62464K, used 64K [0x000000076b400000, 0x000000076fb00000, 0x00000007c0000000)
  eden space 59392K, 0% used [0x000000076b400000,0x000000076b400000,0x000000076ee00000)
  from space 3072K, 2% used [0x000000076f500000,0x000000076f510000,0x000000076f800000)
  to   space 3072K, 0% used [0x000000076f800000,0x000000076f800000,0x000000076fb00000)
 ParOldGen       total 175104K, used 1893K [0x00000006c1c00000, 0x00000006cc700000, 0x000000076b400000)
  object space 175104K, 1% used [0x00000006c1c00000,0x00000006c1dd9718,0x00000006cc700000)
 Metaspace       used 10476K, capacity 10686K, committed 10880K, reserved 1058816K
  class space    used 1292K, capacity 1349K, committed 1408K, reserved 1048576K
}
Event: 20.107 GC heap before
{Heap before GC invocations=10 (full 0):
 PSYoungGen      total 62464K, used 59456K [0x000000076b400000, 0x000000076fb00000, 0x00000007c0000000)
  eden space 59392K, 100% used [0x000000076b400000,0x000000076ee00000,0x000000076ee00000)
  from space 3072K, 2% used [0x000000076f500000,0x000000076f510000,0x000000076f800000)
  to   space 3072K, 0% used [0x000000076f800000,0x000000076f800000,0x000000076fb00000)
 ParOldGen       total 175104K, used 1893K [0x00000006c1c00000, 0x00000006cc700000, 0x000000076b400000)
  object space 175104K, 1% used [0x00000006c1c00000,0x00000006c1dd9718,0x00000006cc700000)
 Metaspace       used 10476K, capacity 10686K, committed 10880K, reserved 1058816K
  class space    used 1292K, capacity 1349K, committed 1408K, reserved 1048576K
Event: 20.107 GC heap after
Heap after GC invocations=10 (full 0):
 PSYoungGen      total 58880K, used 32K [0x000000076b400000, 0x000000076f880000, 0x00000007c0000000)
  eden space 58368K, 0% used [0x000000076b400000,0x000000076b400000,0x000000076ed00000)
  from space 512K, 6% used [0x000000076f800000,0x000000076f808000,0x000000076f880000)
  to   space 3072K, 0% used [0x000000076f280000,0x000000076f280000,0x000000076f580000)
 ParOldGen       total 175104K, used 1893K [0x00000006c1c00000, 0x00000006cc700000, 0x000000076b400000)
  object space 175104K, 1% used [0x00000006c1c00000,0x00000006c1dd9718,0x00000006cc700000)
 Metaspace       used 10476K, capacity 10686K, committed 10880K, reserved 1058816K
  class space    used 1292K, capacity 1349K, committed 1408K, reserved 1048576K
}
Event: 20.933 GC heap before
{Heap before GC invocations=11 (full 0):
 PSYoungGen      total 58880K, used 58400K [0x000000076b400000, 0x000000076f880000, 0x00000007c0000000)
  eden space 58368K, 100% used [0x000000076b400000,0x000000076ed00000,0x000000076ed00000)
  from space 512K, 6% used [0x000000076f800000,0x000000076f808000,0x000000076f880000)
  to   space 3072K, 0% used [0x000000076f280000,0x000000076f280000,0x000000076f580000)
 ParOldGen       total 175104K, used 1893K [0x00000006c1c00000, 0x00000006cc700000, 0x000000076b400000)
  object space 175104K, 1% used [0x00000006c1c00000,0x00000006c1dd9718,0x00000006cc700000)
 Metaspace       used 10476K, capacity 10686K, committed 10880K, reserved 1058816K
  class space    used 1292K, capacity 1349K, committed 1408K, reserved 1048576K
Event: 20.934 GC heap after
Heap after GC invocations=11 (full 0):
 PSYoungGen      total 60416K, used 96K [0x000000076b400000, 0x000000076f880000, 0x00000007c0000000)
  eden space 57344K, 0% used [0x000000076b400000,0x000000076b400000,0x000000076ec00000)
  from space 3072K, 3% used [0x000000076f280000,0x000000076f298000,0x000000076f580000)
  to   space 3072K, 0% used [0x000000076f580000,0x000000076f580000,0x000000076f880000)
 ParOldGen       total 175104K, used 1893K [0x00000006c1c00000, 0x00000006cc700000, 0x000000076b400000)
  object space 175104K, 1% used [0x00000006c1c00000,0x00000006c1dd9718,0x00000006cc700000)
 Metaspace       used 10476K, capacity 10686K, committed 10880K, reserved 1058816K
  class space    used 1292K, capacity 1349K, committed 1408K, reserved 1048576K
}

