# JRE version: Java(TM) SE Runtime Environment (8.0_20-b26) (build 1.8.0_20-b26)
# Java VM: Java HotSpot(TM) 64-Bit Server VM (25.20-b23 mixed mode windows-amd64 compressed oops)
Heap:
 PSYoungGen      total 76288K, used 52399K [0x000000076b400000, 0x0000000770900000, 0x00000007c0000000)
  eden space 65536K, 76% used [0x000000076b400000,0x000000076e507f58,0x000000076f400000)
  from space 10752K, 20% used [0x000000076fe80000,0x00000007700a4010,0x0000000770900000)
  to   space 10752K, 0% used [0x000000076f400000,0x000000076f400000,0x000000076fe80000)
 ParOldGen       total 175104K, used 40K [0x00000006c1c00000, 0x00000006cc700000, 0x000000076b400000)
  object space 175104K, 0% used [0x00000006c1c00000,0x00000006c1c0a000,0x00000006cc700000)
 Metaspace       used 12813K, capacity 12970K, committed 13312K, reserved 1060864K
  class space    used 1658K, capacity 1703K, committed 1792K, reserved 1048576K
GC Heap History (8 events):
Event: 20.729 GC heap before
{Heap before GC invocations=1 (full 0):
 PSYoungGen      total 76288K, used 65536K [0x000000076b400000, 0x0000000770900000, 0x00000007c0000000)
  eden space 65536K, 100% used [0x000000076b400000,0x000000076f400000,0x000000076f400000)
  from space 10752K, 0% used [0x000000076fe80000,0x000000076fe80000,0x0000000770900000)
  to   space 10752K, 0% used [0x000000076f400000,0x000000076f400000,0x000000076fe80000)
 ParOldGen       total 175104K, used 0K [0x00000006c1c00000, 0x00000006cc700000, 0x000000076b400000)
  object space 175104K, 0% used [0x00000006c1c00000,0x00000006c1c00000,0x00000006cc700000)
 Metaspace       used 12738K, capacity 12906K, committed 13056K, reserved 1060864K
  class space    used 1654K, capacity 1703K, committed 1792K, reserved 1048576K
Event: 20.731 GC heap after
Heap after GC invocations=1 (full 0):
 PSYoungGen      total 76288K, used 2459K [0x000000076b400000, 0x0000000770900000, 0x00000007c0000000)
  eden space 65536K, 0% used [0x000000076b400000,0x000000076b400000,0x000000076f400000)
  from space 10752K, 22% used [0x000000076f400000,0x000000076f666c78,0x000000076fe80000)
  to   space 10752K, 0% used [0x000000076fe80000,0x000000076fe80000,0x0000000770900000)
 ParOldGen       total 175104K, used 16K [0x00000006c1c00000, 0x00000006cc700000, 0x000000076b400000)
  object space 175104K, 0% used [0x00000006c1c00000,0x00000006c1c04000,0x00000006cc700000)
 Metaspace       used 12738K, capacity 12906K, committed 13056K, reserved 1060864K
  class space    used 1654K, capacity 1703K, committed 1792K, reserved 1048576K
}
Event: 21.468 GC heap before
{Heap before GC invocations=2 (full 0):
 PSYoungGen      total 76288K, used 67995K [0x000000076b400000, 0x0000000770900000, 0x00000007c0000000)
  eden space 65536K, 100% used [0x000000076b400000,0x000000076f400000,0x000000076f400000)
  from space 10752K, 22% used [0x000000076f400000,0x000000076f666c78,0x000000076fe80000)
  to   space 10752K, 0% used [0x000000076fe80000,0x000000076fe80000,0x0000000770900000)
 ParOldGen       total 175104K, used 16K [0x00000006c1c00000, 0x00000006cc700000, 0x000000076b400000)
  object space 175104K, 0% used [0x00000006c1c00000,0x00000006c1c04000,0x00000006cc700000)
 Metaspace       used 12742K, capacity 12906K, committed 13056K, reserved 1060864K
  class space    used 1654K, capacity 1703K, committed 1792K, reserved 1048576K
Event: 21.470 GC heap after
Heap after GC invocations=2 (full 0):
 PSYoungGen      total 76288K, used 2208K [0x000000076b400000, 0x0000000770900000, 0x00000007c0000000)
  eden space 65536K, 0% used [0x000000076b400000,0x000000076b400000,0x000000076f400000)
  from space 10752K, 20% used [0x000000076fe80000,0x00000007700a8020,0x0000000770900000)
  to   space 10752K, 0% used [0x000000076f400000,0x000000076f400000,0x000000076fe80000)
 ParOldGen       total 175104K, used 24K [0x00000006c1c00000, 0x00000006cc700000, 0x000000076b400000)
  object space 175104K, 0% used [0x00000006c1c00000,0x00000006c1c06000,0x00000006cc700000)
 Metaspace       used 12742K, capacity 12906K, committed 13056K, reserved 1060864K
  class space    used 1654K, capacity 1703K, committed 1792K, reserved 1048576K
}
Event: 22.244 GC heap before
{Heap before GC invocations=3 (full 0):
 PSYoungGen      total 76288K, used 67744K [0x000000076b400000, 0x0000000770900000, 0x00000007c0000000)
  eden space 65536K, 100% used [0x000000076b400000,0x000000076f400000,0x000000076f400000)
  from space 10752K, 20% used [0x000000076fe80000,0x00000007700a8020,0x0000000770900000)
  to   space 10752K, 0% used [0x000000076f400000,0x000000076f400000,0x000000076fe80000)
 ParOldGen       total 175104K, used 24K [0x00000006c1c00000, 0x00000006cc700000, 0x000000076b400000)
  object space 175104K, 0% used [0x00000006c1c00000,0x00000006c1c06000,0x00000006cc700000)
 Metaspace       used 12745K, capacity 12906K, committed 13056K, reserved 1060864K
  class space    used 1654K, capacity 1703K, committed 1792K, reserved 1048576K
Event: 22.246 GC heap after
Heap after GC invocations=3 (full 0):
 PSYoungGen      total 76288K, used 2176K [0x000000076b400000, 0x0000000770900000, 0x00000007c0000000)
  eden space 65536K, 0% used [0x000000076b400000,0x000000076b400000,0x000000076f400000)
  from space 10752K, 20% used [0x000000076f400000,0x000000076f620000,0x000000076fe80000)
  to   space 10752K, 0% used [0x000000076fe80000,0x000000076fe80000,0x0000000770900000)
 ParOldGen       total 175104K, used 32K [0x00000006c1c00000, 0x00000006cc700000, 0x000000076b400000)
  object space 175104K, 0% used [0x00000006c1c00000,0x00000006c1c08000,0x00000006cc700000)
 Metaspace       used 12745K, capacity 12906K, committed 13056K, reserved 1060864K
  class space    used 1654K, capacity 1703K, committed 1792K, reserved 1048576K
}
Event: 23.075 GC heap before
{Heap before GC invocations=4 (full 0):
 PSYoungGen      total 76288K, used 67712K [0x000000076b400000, 0x0000000770900000, 0x00000007c0000000)
  eden space 65536K, 100% used [0x000000076b400000,0x000000076f400000,0x000000076f400000)
  from space 10752K, 20% used [0x000000076f400000,0x000000076f620000,0x000000076fe80000)
  to   space 10752K, 0% used [0x000000076fe80000,0x000000076fe80000,0x0000000770900000)
 ParOldGen       total 175104K, used 32K [0x00000006c1c00000, 0x00000006cc700000, 0x000000076b400000)
  object space 175104K, 0% used [0x00000006c1c00000,0x00000006c1c08000,0x00000006cc700000)
 Metaspace       used 12759K, capacity 12906K, committed 13056K, reserved 1060864K
  class space    used 1654K, capacity 1703K, committed 1792K, reserved 1048576K
Event: 23.077 GC heap after
Heap after GC invocations=4 (full 0):
 PSYoungGen      total 76288K, used 2192K [0x000000076b400000, 0x0000000770900000, 0x00000007c0000000)
  eden space 65536K, 0% used [0x000000076b400000,0x000000076b400000,0x000000076f400000)
  from space 10752K, 20% used [0x000000076fe80000,0x00000007700a4010,0x0000000770900000)
  to   space 10752K, 0% used [0x000000076f400000,0x000000076f400000,0x000000076fe80000)
 ParOldGen       total 175104K, used 40K [0x00000006c1c00000, 0x00000006cc700000, 0x000000076b400000)
  object space 175104K, 0% used [0x00000006c1c00000,0x00000006c1c0a000,0x00000006cc700000)
 Metaspace       used 12759K, capacity 12906K, committed 13056K, reserved 1060864K
  class space    used 1654K, capacity 1703K, committed 1792K, reserved 1048576K
}

